SF:lib/Models/activity_model.dart
DA:6,5
DA:8,4
DA:9,4
DA:10,4
DA:11,4
DA:12,4
DA:17,4
DA:18,4
DA:20,4
DA:21,8
DA:25,1
DA:26,1
DA:27,1
DA:28,1
DA:29,1
LF:15
LH:15
end_of_record
SF:lib/Models/achievement_model.dart
DA:11,2
DA:23,2
DA:24,2
DA:25,2
DA:26,2
DA:27,2
DA:28,2
DA:29,2
DA:30,2
DA:31,2
DA:36,2
DA:37,2
DA:39,2
DA:40,2
DA:41,2
DA:42,2
DA:43,2
DA:44,2
DA:45,2
LF:19
LH:19
end_of_record
SF:lib/Models/user_activity_model.dart
DA:10,5
DA:22,15
DA:24,12
DA:27,3
DA:28,3
DA:29,9
DA:30,3
DA:31,27
DA:36,8
DA:38,12
DA:42,3
DA:43,3
DA:44,6
DA:45,6
DA:46,6
DA:47,6
DA:48,6
DA:49,6
DA:50,10
DA:54,4
DA:55,4
DA:57,4
DA:59,3
DA:61,6
DA:62,6
DA:64,1
DA:66,3
DA:67,2
DA:72,4
DA:74,4
DA:75,8
DA:76,8
DA:77,8
DA:78,8
DA:83,1
DA:84,1
DA:85,1
DA:86,1
DA:87,1
DA:88,1
DA:89,1
DA:90,1
DA:91,1
DA:95,0
DA:97,0
LF:45
LH:43
end_of_record
SF:lib/Models/user_model.dart
DA:10,7
DA:24,1
DA:25,1
DA:26,1
DA:27,1
DA:28,1
DA:29,1
DA:30,1
DA:31,1
DA:36,3
DA:37,3
DA:39,3
DA:40,3
DA:41,3
DA:42,3
DA:43,3
DA:44,3
DA:51,1
DA:56,2
DA:57,1
DA:69,2
DA:70,2
DA:71,2
DA:72,1
DA:73,2
DA:74,2
DA:75,2
DA:76,2
DA:77,4
DA:81,1
DA:82,4
LF:31
LH:31
end_of_record
SF:lib/Services/firebase_achievements_service.dart
DA:10,2
DA:11,1
DA:12,1
DA:14,1
DA:15,2
DA:17,1
DA:19,1
DA:22,1
DA:24,1
DA:25,5
DA:30,2
DA:34,1
DA:36,1
DA:37,1
DA:38,4
DA:39,2
DA:41,2
DA:45,1
DA:47,1
DA:48,5
DA:49,2
DA:51,2
DA:52,3
DA:53,1
DA:54,2
DA:55,2
DA:57,1
DA:60,5
DA:63,2
DA:68,2
DA:70,2
DA:71,5
DA:72,1
DA:73,2
LF:34
LH:34
end_of_record
SF:lib/Services/network_service.dart
DA:4,27
DA:6,9
DA:7,18
DA:8,27
DA:11,8
DA:12,8
DA:13,8
LF:7
LH:7
end_of_record
SF:lib/Local/user_local.dart
DA:5,1
DA:7,1
DA:8,2
DA:9,2
DA:10,2
DA:11,2
DA:12,2
DA:13,2
DA:14,2
DA:16,0
DA:20,0
DA:21,0
DA:24,3
DA:26,3
DA:27,3
DA:28,3
DA:29,3
DA:33,3
DA:37,3
DA:38,3
DA:39,3
DA:40,3
DA:43,0
DA:47,2
DA:49,2
DA:50,2
DA:51,2
DA:52,2
DA:53,2
DA:54,2
DA:55,2
DA:56,2
DA:58,0
LF:33
LH:28
end_of_record
SF:lib/Services/database_service.dart
DA:8,3
DA:16,2
DA:18,1
DA:19,1
DA:20,1
DA:21,1
DA:25,1
DA:35,1
DA:37,2
DA:43,2
DA:48,2
DA:52,5
DA:53,1
DA:54,1
DA:55,1
DA:56,2
DA:58,2
DA:66,2
LF:18
LH:18
end_of_record
SF:lib/Local/skill_entries_local.dart
DA:8,2
DA:9,2
DA:10,2
DA:11,4
DA:13,2
DA:14,4
DA:15,4
DA:16,4
DA:18,4
DA:19,4
DA:21,2
DA:27,1
DA:30,1
DA:32,1
DA:33,2
DA:34,1
DA:35,1
DA:38,1
DA:39,2
DA:42,1
DA:43,1
DA:44,1
LF:22
LH:22
end_of_record
SF:lib/Local/achievement_local.dart
DA:4,2
DA:5,2
DA:6,2
DA:7,2
DA:8,4
DA:11,1
DA:12,1
DA:13,1
DA:14,1
DA:15,2
DA:18,1
DA:20,1
DA:21,1
DA:23,0
LF:14
LH:13
end_of_record
SF:lib/Services/firebase_activity_service.dart
DA:11,2
DA:12,1
DA:13,1
DA:15,1
DA:16,2
DA:18,1
DA:20,1
DA:23,1
DA:24,1
DA:25,3
DA:26,1
DA:27,3
DA:28,2
DA:32,1
DA:33,7
DA:35,3
DA:37,1
DA:38,2
DA:39,2
DA:41,1
DA:42,2
DA:43,4
DA:44,1
DA:45,2
DA:47,2
DA:53,2
DA:58,1
DA:60,4
DA:61,1
DA:62,1
DA:64,2
DA:69,2
DA:74,2
DA:76,2
DA:77,3
DA:78,2
DA:79,2
DA:80,3
DA:81,1
DA:82,2
DA:83,2
DA:85,1
DA:87,4
DA:91,1
DA:93,1
DA:94,6
DA:96,2
DA:100,1
DA:105,1
DA:106,1
DA:113,4
DA:114,4
DA:116,2
DA:120,1
DA:121,1
DA:122,2
DA:124,2
DA:125,1
DA:127,1
DA:128,1
DA:130,1
DA:131,1
DA:133,1
DA:134,1
DA:138,3
DA:140,6
DA:141,2
DA:142,1
DA:146,1
DA:147,7
DA:148,3
DA:149,3
DA:150,3
DA:151,1
DA:152,2
DA:153,2
DA:155,1
LF:77
LH:77
end_of_record
SF:lib/Services/firebase_user_profile_service.dart
DA:12,3
DA:16,2
DA:17,1
DA:18,1
DA:20,1
DA:21,2
DA:23,1
DA:25,1
DA:28,1
DA:30,1
DA:31,6
DA:32,1
DA:33,1
DA:34,1
DA:35,1
DA:39,2
DA:41,2
DA:45,2
DA:47,2
DA:48,5
DA:49,1
DA:50,2
DA:54,4
DA:58,1
DA:59,1
DA:62,1
DA:68,1
DA:69,2
DA:71,1
DA:75,1
DA:82,6
DA:83,1
DA:84,1
DA:85,1
DA:90,5
DA:91,1
DA:92,1
DA:93,1
DA:94,2
DA:97,2
DA:103,2
LF:41
LH:41
end_of_record
SF:lib/Services/firebase_skill_service.dart
DA:11,1
DA:12,0
DA:13,0
DA:15,1
DA:16,2
DA:18,1
DA:20,1
DA:23,1
DA:31,1
DA:32,3
DA:33,1
DA:34,1
DA:37,5
DA:38,1
DA:39,1
DA:49,4
DA:50,2
DA:51,3
DA:54,2
DA:59,1
DA:66,1
DA:67,5
DA:68,1
DA:69,1
DA:77,2
DA:79,2
LF:26
LH:24
end_of_record
SF:lib/Screen/home_screen.dart
DA:17,1
DA:26,1
DA:38,1
DA:40,1
DA:41,1
DA:105,1
DA:107,1
DA:108,1
DA:111,1
DA:113,1
DA:114,1
DA:117,1
DA:119,2
DA:121,2
DA:122,1
DA:123,1
DA:125,1
DA:127,1
DA:129,0
DA:130,0
DA:132,3
DA:133,1
DA:136,2
DA:139,0
DA:144,1
DA:145,2
DA:146,1
DA:149,3
DA:150,1
DA:153,2
DA:154,1
DA:155,2
DA:156,2
DA:159,3
DA:162,3
DA:165,1
DA:166,3
DA:169,0
DA:170,0
DA:175,0
DA:176,0
DA:179,0
DA:181,0
DA:182,0
DA:184,0
DA:185,0
DA:188,0
DA:193,0
DA:194,0
DA:195,0
DA:196,0
DA:199,0
DA:203,0
DA:204,0
DA:207,0
DA:208,0
DA:213,1
DA:214,2
DA:215,4
DA:218,0
DA:219,0
DA:220,0
DA:221,0
DA:222,0
DA:223,0
DA:225,0
DA:227,0
DA:228,0
DA:229,0
DA:230,0
DA:231,0
DA:232,0
DA:234,0
DA:235,0
DA:236,0
DA:237,0
DA:238,0
DA:241,0
DA:242,0
DA:243,0
DA:244,0
DA:245,0
DA:248,0
DA:250,0
DA:251,0
DA:252,0
DA:253,0
DA:254,0
DA:255,0
DA:256,0
DA:257,0
DA:258,0
DA:259,0
DA:260,0
DA:261,0
DA:268,0
DA:269,0
DA:270,0
DA:271,0
DA:272,0
DA:274,0
DA:278,0
DA:281,1
DA:282,1
DA:283,5
DA:286,0
DA:287,0
DA:288,0
DA:291,0
DA:292,0
DA:293,0
DA:295,0
DA:298,0
DA:299,0
DA:301,0
DA:303,0
DA:306,0
DA:307,0
DA:320,0
DA:321,0
DA:322,0
DA:324,0
DA:325,0
DA:326,0
DA:328,0
DA:329,0
DA:330,0
DA:331,0
DA:332,0
DA:335,0
DA:343,0
DA:344,0
DA:345,0
DA:346,0
DA:352,0
DA:358,0
DA:359,0
DA:360,0
DA:361,0
DA:363,0
DA:364,0
DA:366,0
DA:367,0
DA:368,0
DA:371,0
DA:372,0
DA:381,0
DA:384,0
DA:386,0
DA:387,0
DA:388,0
DA:392,0
DA:393,0
DA:395,0
DA:396,0
DA:399,0
DA:400,0
DA:401,0
DA:402,0
DA:403,0
DA:406,0
DA:417,0
DA:418,0
DA:419,0
DA:420,0
DA:428,3
DA:429,1
DA:430,1
DA:431,4
DA:432,1
DA:433,1
DA:434,2
DA:436,1
DA:437,3
DA:438,1
DA:439,1
DA:440,2
DA:441,2
DA:442,1
DA:445,1
DA:446,1
DA:447,4
DA:448,1
DA:449,1
DA:450,2
DA:452,1
DA:453,3
DA:454,2
DA:455,4
DA:456,1
DA:457,4
DA:461,1
DA:463,1
DA:464,1
DA:465,1
DA:470,1
DA:471,1
DA:483,1
DA:484,1
DA:486,1
DA:489,2
DA:492,1
DA:494,1
DA:495,1
DA:497,2
DA:502,1
DA:503,0
DA:504,0
DA:506,0
DA:507,0
DA:508,0
DA:511,0
DA:512,0
DA:515,1
DA:517,1
DA:519,1
DA:521,1
DA:522,1
DA:524,1
DA:529,1
DA:530,1
DA:552,1
DA:554,1
DA:556,1
DA:557,1
DA:559,3
DA:560,1
DA:566,1
DA:567,2
DA:568,4
DA:578,1
DA:580,1
DA:581,1
DA:582,1
DA:584,2
DA:588,1
DA:590,2
DA:594,1
DA:596,2
DA:602,1
DA:605,1
DA:607,1
DA:608,1
DA:609,1
DA:611,4
DA:617,2
DA:618,1
DA:623,1
DA:625,1
DA:627,1
DA:628,2
DA:639,1
DA:642,1
DA:644,2
DA:645,1
DA:646,5
DA:648,1
DA:651,1
DA:653,1
DA:655,4
DA:661,1
DA:663,1
DA:665,2
DA:666,1
DA:667,1
DA:669,1
DA:679,1
DA:680,1
DA:681,1
DA:683,1
DA:684,1
DA:685,1
DA:688,1
DA:691,1
DA:693,5
DA:699,1
DA:702,1
DA:703,1
DA:704,3
DA:707,1
DA:708,3
DA:718,1
DA:719,1
DA:720,1
DA:721,1
DA:723,1
DA:724,1
DA:725,1
DA:727,3
DA:728,1
DA:729,9
DA:731,1
DA:733,3
DA:734,3
DA:735,5
DA:737,1
DA:739,1
DA:741,1
DA:742,1
DA:744,1
DA:746,1
DA:749,1
DA:750,1
DA:751,1
DA:757,1
DA:759,1
DA:761,1
DA:763,1
DA:764,1
DA:765,1
DA:766,1
DA:767,1
DA:768,5
DA:776,1
DA:780,1
DA:784,1
DA:788,1
DA:792,1
DA:796,1
DA:801,1
DA:803,1
DA:804,1
DA:805,1
DA:806,1
DA:809,1
DA:810,1
DA:811,1
DA:812,0
DA:813,1
DA:814,1
DA:815,1
DA:816,1
DA:817,0
DA:820,1
DA:823,1
DA:824,1
DA:835,1
DA:836,1
DA:837,1
DA:838,1
DA:841,1
DA:849,1
DA:850,1
DA:851,1
DA:852,3
DA:853,5
DA:865,1
DA:866,4
DA:867,5
DA:876,1
DA:877,1
DA:879,1
DA:881,1
DA:882,2
DA:883,0
DA:885,1
DA:886,1
DA:893,1
DA:894,1
DA:905,1
DA:906,1
DA:908,1
DA:909,1
DA:913,1
DA:914,1
DA:915,1
DA:930,1
DA:937,1
DA:939,1
DA:941,1
DA:943,1
DA:944,2
DA:946,1
DA:948,1
DA:949,1
DA:951,1
DA:953,1
DA:967,1
DA:968,1
DA:969,1
DA:971,1
DA:972,1
DA:973,2
DA:975,1
DA:976,1
DA:978,1
DA:979,1
DA:981,5
DA:986,1
DA:988,1
DA:989,1
DA:990,4
DA:1001,1
DA:1003,6
DA:1004,1
DA:1006,1
DA:1008,1
DA:1011,2
DA:1012,1
DA:1014,1
DA:1015,1
DA:1016,1
DA:1017,1
DA:1018,1
DA:1022,1
DA:1024,1
DA:1025,2
DA:1027,1
DA:1028,1
DA:1038,1
DA:1042,1
DA:1043,2
DA:1044,1
DA:1045,1
DA:1047,0
DA:1049,0
DA:1050,0
DA:1051,0
DA:1056,0
DA:1057,0
DA:1061,0
DA:1064,0
DA:1065,0
DA:1070,0
DA:1071,0
DA:1076,1
DA:1077,1
DA:1078,1
DA:1080,1
DA:1081,1
DA:1082,1
DA:1083,2
DA:1085,1
DA:1087,1
DA:1088,1
DA:1090,5
DA:1096,1
DA:1098,1
DA:1099,1
DA:1100,3
LF:440
LH:294
end_of_record
SF:lib/Screen/login_screen.dart
DA:8,1
DA:10,4
DA:11,4
DA:20,1
DA:21,2
DA:22,1
DA:23,1
DA:25,7
DA:26,2
DA:27,1
DA:28,1
DA:33,2
DA:34,3
DA:35,3
DA:37,2
DA:39,2
DA:41,0
DA:45,0
DA:48,2
DA:51,1
DA:52,3
DA:54,1
DA:55,2
DA:56,2
DA:59,1
DA:60,2
DA:61,1
DA:67,4
DA:69,8
DA:70,8
DA:71,4
DA:74,4
DA:76,4
DA:77,4
DA:78,4
DA:80,4
DA:82,4
DA:84,4
DA:91,4
DA:92,4
DA:93,4
DA:96,4
DA:97,4
DA:105,4
DA:106,4
DA:107,4
DA:110,4
DA:111,4
DA:119,4
DA:120,1
DA:122,1
DA:123,1
DA:124,1
DA:125,2
DA:127,1
DA:128,1
DA:129,1
DA:132,4
DA:134,4
DA:137,4
DA:138,8
DA:139,4
DA:148,4
DA:150,4
DA:152,4
DA:154,4
DA:155,2
DA:156,4
DA:158,4
DA:160,4
LF:70
LH:68
end_of_record
SF:lib/Assets/app_colors.dart
DA:46,1
DA:59,1
LF:2
LH:2
end_of_record
SF:lib/Screen/edit_profile_screen.dart
DA:12,1
DA:14,1
DA:15,1
DA:26,1
DA:28,1
DA:29,5
DA:30,5
DA:33,1
DA:35,2
DA:36,2
DA:37,1
DA:40,1
DA:41,1
DA:42,1
DA:46,2
DA:47,1
DA:49,1
DA:51,1
DA:54,1
DA:55,1
DA:56,1
DA:60,1
DA:63,0
DA:64,0
DA:65,0
DA:68,1
DA:71,0
DA:72,0
DA:73,0
DA:83,0
DA:85,0
DA:86,0
DA:94,0
DA:95,0
DA:99,0
DA:100,0
DA:101,0
DA:107,0
DA:108,0
DA:110,0
DA:113,0
DA:114,0
DA:117,0
DA:118,0
DA:119,0
DA:124,0
DA:125,0
DA:130,1
DA:131,2
DA:132,1
DA:133,1
DA:137,3
DA:138,3
DA:140,1
DA:141,2
DA:142,1
DA:143,1
DA:149,3
DA:150,1
DA:151,0
DA:158,1
DA:160,0
DA:164,0
DA:165,0
DA:171,0
DA:174,2
DA:175,3
DA:176,1
DA:181,1
DA:183,1
DA:184,1
DA:197,1
DA:199,1
DA:201,1
DA:203,1
DA:204,1
DA:205,1
DA:206,1
DA:209,1
DA:212,1
DA:217,1
DA:220,1
DA:223,1
DA:224,2
DA:225,1
DA:227,1
DA:230,1
DA:232,1
DA:262,2
DA:263,1
DA:266,1
DA:267,1
DA:268,1
DA:269,1
DA:271,1
DA:272,1
DA:280,1
DA:282,1
DA:284,3
DA:286,1
DA:287,1
DA:288,1
DA:289,1
DA:291,1
DA:292,1
DA:294,1
DA:295,1
DA:296,1
DA:303,1
DA:306,1
DA:308,1
DA:310,3
DA:312,1
DA:313,1
DA:314,1
DA:316,1
DA:318,1
DA:319,1
DA:321,1
DA:322,1
DA:323,1
DA:330,1
DA:333,1
DA:335,1
DA:336,2
DA:337,1
DA:346,1
DA:349,1
DA:351,1
DA:352,1
DA:354,3
DA:364,1
DA:366,1
DA:367,0
DA:368,0
DA:369,0
DA:377,3
DA:378,1
DA:380,1
DA:382,0
DA:383,0
DA:384,0
DA:389,0
DA:390,0
DA:398,1
DA:399,1
DA:404,1
DA:405,1
DA:411,1
LF:149
LH:112
end_of_record
SF:lib/Screen/profile_screen.dart
DA:12,1
DA:14,1
DA:15,1
DA:23,1
DA:25,1
DA:26,1
DA:29,1
DA:31,2
DA:33,1
DA:34,1
DA:35,2
DA:36,1
DA:37,1
DA:38,1
DA:41,1
DA:42,1
DA:46,1
DA:47,1
DA:52,1
DA:54,2
DA:56,2
DA:57,1
DA:58,1
DA:61,0
DA:62,0
DA:63,0
DA:64,0
DA:69,1
DA:70,3
DA:73,1
DA:74,1
DA:75,1
DA:76,2
DA:79,1
DA:80,2
DA:83,1
DA:84,1
DA:88,0
DA:90,0
DA:91,0
DA:92,0
DA:97,0
DA:98,0
DA:102,0
DA:107,0
DA:108,0
DA:113,0
DA:114,0
DA:119,1
DA:121,1
DA:122,1
DA:123,1
DA:138,1
DA:139,1
DA:151,1
DA:152,1
DA:155,1
DA:159,1
DA:160,1
DA:162,1
DA:164,1
DA:166,1
DA:173,1
DA:175,1
DA:176,1
DA:178,1
DA:181,1
DA:184,1
DA:186,1
DA:189,1
DA:190,2
DA:198,1
DA:199,2
DA:213,1
DA:215,1
DA:217,1
DA:219,6
DA:220,1
DA:222,3
DA:223,1
DA:229,1
DA:232,1
DA:233,1
DA:235,1
DA:236,1
DA:239,1
DA:240,2
DA:241,4
DA:250,1
DA:253,1
DA:254,1
DA:255,1
DA:256,1
DA:257,1
DA:258,1
DA:263,1
DA:264,1
DA:267,1
DA:268,1
DA:269,1
DA:275,1
DA:277,3
DA:278,1
DA:281,1
DA:282,2
DA:283,3
DA:284,1
DA:292,1
DA:295,1
DA:297,4
DA:302,1
DA:303,1
DA:306,5
DA:308,2
DA:310,1
DA:311,1
DA:314,1
DA:315,5
DA:318,1
DA:321,1
DA:323,1
DA:326,0
DA:327,0
DA:328,0
DA:329,0
DA:330,0
DA:331,0
DA:335,0
DA:340,1
DA:350,1
DA:356,1
DA:358,1
DA:359,1
DA:361,2
DA:363,1
DA:364,1
DA:365,1
DA:367,1
DA:368,1
DA:370,1
DA:371,1
DA:373,5
DA:378,1
DA:380,5
DA:391,0
DA:394,0
DA:395,0
DA:405,1
DA:406,1
DA:407,1
DA:408,2
DA:411,1
DA:412,1
DA:413,3
DA:416,1
DA:417,1
DA:418,2
DA:419,1
LF:158
LH:133
end_of_record
SF:lib/Screen/signup_screen.dart
DA:8,1
DA:10,1
DA:11,1
DA:26,1
DA:28,4
DA:29,2
DA:30,1
DA:35,4
DA:36,2
DA:37,1
DA:42,3
DA:43,2
DA:44,1
DA:49,4
DA:50,2
DA:51,1
DA:56,5
DA:57,2
DA:58,1
DA:63,0
DA:64,0
DA:65,0
DA:70,0
DA:71,0
DA:72,0
DA:73,0
DA:76,0
DA:77,0
DA:78,0
DA:81,0
DA:83,0
DA:84,0
DA:86,0
DA:88,0
DA:94,0
DA:95,0
DA:97,0
DA:99,0
DA:102,0
DA:103,0
DA:104,0
DA:107,0
DA:108,0
DA:111,0
DA:112,0
DA:113,0
DA:119,1
DA:121,2
DA:122,2
DA:123,2
DA:124,2
DA:125,2
DA:126,1
DA:129,1
DA:131,1
DA:132,1
DA:135,1
DA:137,1
DA:138,2
DA:142,1
DA:145,1
DA:147,1
DA:150,1
DA:158,1
DA:160,1
DA:165,1
DA:166,1
DA:167,1
DA:170,1
DA:171,1
DA:179,1
DA:180,1
DA:181,1
DA:184,1
DA:185,1
DA:194,1
DA:195,1
DA:196,1
DA:199,1
DA:200,1
DA:203,1
DA:204,1
DA:205,1
DA:207,1
DA:208,2
DA:209,2
DA:214,1
DA:219,1
DA:220,1
DA:221,1
DA:224,1
DA:225,1
DA:228,1
DA:229,1
DA:230,1
DA:234,0
DA:235,0
DA:236,0
DA:241,1
DA:246,1
DA:247,1
DA:249,1
DA:252,1
DA:253,1
DA:261,1
DA:262,1
DA:264,1
DA:265,1
DA:266,1
DA:267,2
DA:269,1
DA:270,1
DA:271,1
DA:274,1
DA:277,1
DA:280,1
DA:281,2
DA:282,1
DA:284,1
DA:285,1
DA:288,1
DA:300,1
DA:303,1
DA:305,1
DA:307,1
DA:308,1
DA:309,2
DA:311,1
DA:313,1
DA:321,1
LF:130
LH:100
end_of_record
SF:lib/Screen/create_skill_screen.dart
DA:10,1
DA:12,1
DA:13,1
DA:30,1
DA:32,1
DA:33,1
DA:36,1
DA:38,2
DA:39,2
DA:40,2
DA:41,1
DA:44,1
DA:46,2
DA:47,0
DA:48,0
DA:49,0
DA:52,3
DA:56,0
DA:57,0
DA:58,0
DA:59,0
DA:60,0
DA:64,0
DA:65,0
DA:66,0
DA:67,0
DA:68,0
DA:72,1
DA:73,1
DA:76,0
DA:79,1
DA:80,0
DA:82,1
DA:83,1
DA:84,1
DA:86,1
DA:87,2
DA:88,2
DA:89,1
DA:96,0
DA:98,0
DA:99,0
DA:100,0
DA:103,0
DA:108,1
DA:109,3
DA:111,3
DA:112,1
DA:113,3
DA:116,0
DA:117,0
DA:121,0
DA:124,0
DA:125,0
DA:126,0
DA:127,0
DA:128,0
DA:129,0
DA:130,0
DA:131,0
DA:132,0
DA:133,0
DA:137,0
DA:139,0
DA:141,0
DA:142,0
DA:149,0
DA:150,0
DA:151,0
DA:158,0
DA:159,0
DA:165,0
DA:168,0
DA:169,0
DA:170,0
DA:177,1
DA:179,1
DA:181,1
DA:182,1
DA:195,1
DA:197,1
DA:198,1
DA:199,1
DA:201,1
DA:203,1
DA:210,1
DA:214,2
DA:215,2
DA:220,1
DA:221,1
DA:222,1
DA:223,1
DA:227,1
DA:228,2
DA:230,1
DA:234,1
DA:235,2
DA:236,3
DA:242,1
DA:245,1
DA:246,1
DA:247,1
DA:248,1
DA:251,2
DA:252,1
DA:261,1
DA:262,2
DA:265,2
DA:266,1
DA:270,1
DA:272,1
DA:273,1
DA:274,1
DA:275,1
DA:277,2
DA:278,1
DA:286,1
DA:287,2
DA:288,2
DA:289,1
DA:290,1
DA:294,1
DA:297,1
DA:298,1
DA:299,1
DA:300,1
DA:301,1
DA:302,1
DA:304,1
DA:305,2
DA:309,1
DA:310,1
DA:312,1
DA:313,1
DA:315,0
DA:320,1
DA:323,1
DA:325,1
DA:326,2
DA:327,1
DA:329,1
DA:330,1
DA:333,1
DA:348,1
DA:358,1
DA:359,1
DA:366,1
DA:368,1
DA:370,1
DA:372,1
DA:375,1
DA:376,1
DA:379,2
DA:380,0
DA:382,0
DA:383,0
DA:384,0
DA:385,0
DA:386,0
DA:395,1
DA:401,1
DA:403,1
DA:406,1
DA:408,1
DA:409,1
DA:414,1
DA:415,1
DA:416,1
DA:421,0
DA:423,1
DA:425,1
DA:426,1
DA:428,1
DA:434,0
DA:436,0
DA:438,0
DA:439,0
DA:447,0
DA:448,0
DA:449,0
DA:465,1
DA:470,1
DA:472,1
DA:474,1
DA:476,1
DA:477,1
DA:485,1
DA:489,0
DA:492,1
DA:494,1
DA:495,1
DA:497,1
DA:504,1
DA:505,1
DA:506,1
DA:512,1
DA:513,0
DA:514,1
DA:532,2
DA:534,5
DA:540,1
DA:544,1
DA:557,2
DA:558,1
DA:559,1
DA:562,1
DA:563,1
DA:566,1
DA:567,1
DA:572,2
DA:575,1
DA:576,1
DA:577,1
DA:578,1
DA:580,1
LF:215
LH:152
end_of_record
